2018-08-13 14:38:43.512 [qtp951000054-39] [DEBUG] c.v.m.SysSettingMapper.selectList.debug 159 -- ==>  Preparing: SELECT Id,sysKey,sysName,sysValue,sort,sysDesc FROM sys_setting ORDER BY sort ASC 
2018-08-13 14:38:43.541 [qtp951000054-39] [DEBUG] c.v.m.SysSettingMapper.selectList.debug 159 -- ==> Parameters: 
2018-08-13 14:38:43.564 [qtp951000054-39] [DEBUG] c.v.m.SysSettingMapper.selectList.debug 159 -- <==      Total: 3
2018-08-13 14:39:09.762 [qtp951000054-37] [DEBUG] c.v.mapper.SysUserMapper.selectList.debug 159 -- ==>  Preparing: SELECT id,userName,`password`,userState,createTime,userDesc,userImg,deptId FROM sys_user WHERE (userName = ?) 
2018-08-13 14:39:09.766 [qtp951000054-37] [DEBUG] c.v.mapper.SysUserMapper.selectList.debug 159 -- ==> Parameters: admin(String)
2018-08-13 14:39:09.776 [qtp951000054-37] [DEBUG] c.v.mapper.SysUserMapper.selectList.debug 159 -- <==      Total: 1
2018-08-13 14:39:09.913 [qtp951000054-37] [DEBUG] c.v.mapper.SysLogMapper.insert.debug 159 -- ==>  Preparing: INSERT INTO sys_log ( id, userName, title, url, params, createTime ) VALUES ( ?, ?, ?, ?, ?, ? ) 
2018-08-13 14:39:09.915 [qtp951000054-37] [DEBUG] c.v.mapper.SysLogMapper.insert.debug 159 -- ==> Parameters: 2faedc0cd57640749f00f053df655d68(String), admin(String), 用户登录成功(String), /login/doLogin(String), (String), 2018-08-13 14:39:09.797(Timestamp)
2018-08-13 14:39:09.917 [qtp951000054-37] [DEBUG] c.v.mapper.SysLogMapper.insert.debug 159 -- <==    Updates: 1
2018-08-13 14:39:10.000 [qtp951000054-42] [DEBUG] c.v.m.S.selectRoleMenuIdsByUserId.debug 159 -- ==>  Preparing: SELECT DISTINCT rm.menuId FROM `sys_user_role` ur INNER JOIN `sys_role` r ON r.`id` = ur.`roleId` INNER JOIN `sys_role_menu` rm ON rm.`roleId` = ur.`roleId` WHERE ur.`userId` = ? AND r.`roleState` = 1 
2018-08-13 14:39:10.001 [qtp951000054-42] [DEBUG] c.v.m.S.selectRoleMenuIdsByUserId.debug 159 -- ==> Parameters: c79ba431f9f74dfbae585b87b0cde933(String)
2018-08-13 14:39:10.030 [qtp951000054-42] [DEBUG] c.v.m.S.selectRoleMenuIdsByUserId.debug 159 -- <==      Total: 35
2018-08-13 14:39:10.035 [qtp951000054-42] [DEBUG] c.v.mapper.SysMenuMapper.selectList.debug 159 -- ==>  Preparing: SELECT id,menuName,pid,url,icon,sort,deep,code,`resource` FROM sys_menu WHERE (pid = ? AND id IN (?,?,?,?,?,?,?,?,?,?,?,?,?,?,?,?,?,?,?,?,?,?,?,?,?,?,?,?,?,?,?,?,?,?,?)) ORDER BY sort ASC 
2018-08-13 14:39:10.037 [qtp951000054-42] [DEBUG] c.v.mapper.SysMenuMapper.selectList.debug 159 -- ==> Parameters: 0(String), 1db9105008404a3485b6fac30dba3c0e(String), 3fb6a7a5935b4efabf3de82e7e1baeb6(String), 363a778e78a346a68210b2590163a943(String), 5bb55dd90ba44db39d6e3d7f3f316af0(String), 0818e1c76bbd44eba3a698547ec4e637(String), 686630c7cb624cc786dcdc9958971a6b(String), 60dda993d87647f5989c15f14f866df9(String), b1487b113b324e79b7fbadbe28660349(String), a5ebf29168234406939856bc6890c86b(String), 2(String), 5(String), b4e7232189b14cf3ba160cf7b0d3bf37(String), 5d3dd56c16ff4e32aecae1b3228159c7(String), 4(String), d2bc30feb5474a1bb7e02d48d39a3f8a(String), 4253190001c1480fb0d631d64d150535(String), e0ff3505df7c4aff87c60bb510c6d274(String), f8db3e5b12d04a46b07026e2828791fc(String), a73802e513cc4465883530ec8074abbb(String), 42dd5ae31e3a43b3a197440e8ec19a94(String), 488ef1eff57b4827acade7c0744278ce(String), 915c309ebe5047b68645b3eb777dd8c9(String), 4e816a9854714d24b0413d929d637a2b(String), 649b484b58414d91aefa5a26143e6557(String), 79d78b8357174cac8f44abd275dec597(String), 3f26102ef0e04c3c9328cb97067cc5fa(String), 0c9b5fc8b44b41d1871a8fc8300247ec(String), 10(String), 1(String), f899f3d3baec4571b1c786717f9906fd(String), 22e38e885f9b40b9aae6a36deb78e89c(String), 661a1f4a6ec94fa89ec6f90ce77a8eb3(String), f5a20c82110b4a3ea9e30ca01a038680(String), 3(String), dc5f478d98ed4297a8ae638fe90df050(String)
2018-08-13 14:39:10.041 [qtp951000054-42] [DEBUG] c.v.mapper.SysMenuMapper.selectList.debug 159 -- <==      Total: 4
2018-08-13 14:39:10.044 [qtp951000054-42] [DEBUG] c.v.mapper.SysMenuMapper.selectList.debug 159 -- ==> Parameters: 1(String), 1db9105008404a3485b6fac30dba3c0e(String), 3fb6a7a5935b4efabf3de82e7e1baeb6(String), 363a778e78a346a68210b2590163a943(String), 5bb55dd90ba44db39d6e3d7f3f316af0(String), 0818e1c76bbd44eba3a698547ec4e637(String), 686630c7cb624cc786dcdc9958971a6b(String), 60dda993d87647f5989c15f14f866df9(String), b1487b113b324e79b7fbadbe28660349(String), a5ebf29168234406939856bc6890c86b(String), 2(String), 5(String), b4e7232189b14cf3ba160cf7b0d3bf37(String), 5d3dd56c16ff4e32aecae1b3228159c7(String), 4(String), d2bc30feb5474a1bb7e02d48d39a3f8a(String), 4253190001c1480fb0d631d64d150535(String), e0ff3505df7c4aff87c60bb510c6d274(String), f8db3e5b12d04a46b07026e2828791fc(String), a73802e513cc4465883530ec8074abbb(String), 42dd5ae31e3a43b3a197440e8ec19a94(String), 488ef1eff57b4827acade7c0744278ce(String), 915c309ebe5047b68645b3eb777dd8c9(String), 4e816a9854714d24b0413d929d637a2b(String), 649b484b58414d91aefa5a26143e6557(String), 79d78b8357174cac8f44abd275dec597(String), 3f26102ef0e04c3c9328cb97067cc5fa(String), 0c9b5fc8b44b41d1871a8fc8300247ec(String), 10(String), 1(String), f899f3d3baec4571b1c786717f9906fd(String), 22e38e885f9b40b9aae6a36deb78e89c(String), 661a1f4a6ec94fa89ec6f90ce77a8eb3(String), f5a20c82110b4a3ea9e30ca01a038680(String), 3(String), dc5f478d98ed4297a8ae638fe90df050(String)
2018-08-13 14:39:10.050 [qtp951000054-42] [DEBUG] c.v.mapper.SysMenuMapper.selectList.debug 159 -- <==      Total: 7
2018-08-13 14:39:10.053 [qtp951000054-42] [DEBUG] c.v.mapper.SysMenuMapper.selectList.debug 159 -- ==> Parameters: 661a1f4a6ec94fa89ec6f90ce77a8eb3(String), 1db9105008404a3485b6fac30dba3c0e(String), 3fb6a7a5935b4efabf3de82e7e1baeb6(String), 363a778e78a346a68210b2590163a943(String), 5bb55dd90ba44db39d6e3d7f3f316af0(String), 0818e1c76bbd44eba3a698547ec4e637(String), 686630c7cb624cc786dcdc9958971a6b(String), 60dda993d87647f5989c15f14f866df9(String), b1487b113b324e79b7fbadbe28660349(String), a5ebf29168234406939856bc6890c86b(String), 2(String), 5(String), b4e7232189b14cf3ba160cf7b0d3bf37(String), 5d3dd56c16ff4e32aecae1b3228159c7(String), 4(String), d2bc30feb5474a1bb7e02d48d39a3f8a(String), 4253190001c1480fb0d631d64d150535(String), e0ff3505df7c4aff87c60bb510c6d274(String), f8db3e5b12d04a46b07026e2828791fc(String), a73802e513cc4465883530ec8074abbb(String), 42dd5ae31e3a43b3a197440e8ec19a94(String), 488ef1eff57b4827acade7c0744278ce(String), 915c309ebe5047b68645b3eb777dd8c9(String), 4e816a9854714d24b0413d929d637a2b(String), 649b484b58414d91aefa5a26143e6557(String), 79d78b8357174cac8f44abd275dec597(String), 3f26102ef0e04c3c9328cb97067cc5fa(String), 0c9b5fc8b44b41d1871a8fc8300247ec(String), 10(String), 1(String), f899f3d3baec4571b1c786717f9906fd(String), 22e38e885f9b40b9aae6a36deb78e89c(String), 661a1f4a6ec94fa89ec6f90ce77a8eb3(String), f5a20c82110b4a3ea9e30ca01a038680(String), 3(String), dc5f478d98ed4297a8ae638fe90df050(String)
2018-08-13 14:39:10.056 [qtp951000054-42] [DEBUG] c.v.mapper.SysMenuMapper.selectList.debug 159 -- <==      Total: 2
2018-08-13 14:39:10.060 [qtp951000054-42] [DEBUG] c.v.mapper.SysMenuMapper.selectList.debug 159 -- ==> Parameters: b1487b113b324e79b7fbadbe28660349(String), 1db9105008404a3485b6fac30dba3c0e(String), 3fb6a7a5935b4efabf3de82e7e1baeb6(String), 363a778e78a346a68210b2590163a943(String), 5bb55dd90ba44db39d6e3d7f3f316af0(String), 0818e1c76bbd44eba3a698547ec4e637(String), 686630c7cb624cc786dcdc9958971a6b(String), 60dda993d87647f5989c15f14f866df9(String), b1487b113b324e79b7fbadbe28660349(String), a5ebf29168234406939856bc6890c86b(String), 2(String), 5(String), b4e7232189b14cf3ba160cf7b0d3bf37(String), 5d3dd56c16ff4e32aecae1b3228159c7(String), 4(String), d2bc30feb5474a1bb7e02d48d39a3f8a(String), 4253190001c1480fb0d631d64d150535(String), e0ff3505df7c4aff87c60bb510c6d274(String), f8db3e5b12d04a46b07026e2828791fc(String), a73802e513cc4465883530ec8074abbb(String), 42dd5ae31e3a43b3a197440e8ec19a94(String), 488ef1eff57b4827acade7c0744278ce(String), 915c309ebe5047b68645b3eb777dd8c9(String), 4e816a9854714d24b0413d929d637a2b(String), 649b484b58414d91aefa5a26143e6557(String), 79d78b8357174cac8f44abd275dec597(String), 3f26102ef0e04c3c9328cb97067cc5fa(String), 0c9b5fc8b44b41d1871a8fc8300247ec(String), 10(String), 1(String), f899f3d3baec4571b1c786717f9906fd(String), 22e38e885f9b40b9aae6a36deb78e89c(String), 661a1f4a6ec94fa89ec6f90ce77a8eb3(String), f5a20c82110b4a3ea9e30ca01a038680(String), 3(String), dc5f478d98ed4297a8ae638fe90df050(String)
2018-08-13 14:39:10.063 [qtp951000054-42] [DEBUG] c.v.mapper.SysMenuMapper.selectList.debug 159 -- <==      Total: 0
2018-08-13 14:39:10.067 [qtp951000054-42] [DEBUG] c.v.mapper.SysMenuMapper.selectList.debug 159 -- ==> Parameters: e0ff3505df7c4aff87c60bb510c6d274(String), 1db9105008404a3485b6fac30dba3c0e(String), 3fb6a7a5935b4efabf3de82e7e1baeb6(String), 363a778e78a346a68210b2590163a943(String), 5bb55dd90ba44db39d6e3d7f3f316af0(String), 0818e1c76bbd44eba3a698547ec4e637(String), 686630c7cb624cc786dcdc9958971a6b(String), 60dda993d87647f5989c15f14f866df9(String), b1487b113b324e79b7fbadbe28660349(String), a5ebf29168234406939856bc6890c86b(String), 2(String), 5(String), b4e7232189b14cf3ba160cf7b0d3bf37(String), 5d3dd56c16ff4e32aecae1b3228159c7(String), 4(String), d2bc30feb5474a1bb7e02d48d39a3f8a(String), 4253190001c1480fb0d631d64d150535(String), e0ff3505df7c4aff87c60bb510c6d274(String), f8db3e5b12d04a46b07026e2828791fc(String), a73802e513cc4465883530ec8074abbb(String), 42dd5ae31e3a43b3a197440e8ec19a94(String), 488ef1eff57b4827acade7c0744278ce(String), 915c309ebe5047b68645b3eb777dd8c9(String), 4e816a9854714d24b0413d929d637a2b(String), 649b484b58414d91aefa5a26143e6557(String), 79d78b8357174cac8f44abd275dec597(String), 3f26102ef0e04c3c9328cb97067cc5fa(String), 0c9b5fc8b44b41d1871a8fc8300247ec(String), 10(String), 1(String), f899f3d3baec4571b1c786717f9906fd(String), 22e38e885f9b40b9aae6a36deb78e89c(String), 661a1f4a6ec94fa89ec6f90ce77a8eb3(String), f5a20c82110b4a3ea9e30ca01a038680(String), 3(String), dc5f478d98ed4297a8ae638fe90df050(String)
2018-08-13 14:39:10.069 [qtp951000054-42] [DEBUG] c.v.mapper.SysMenuMapper.selectList.debug 159 -- <==      Total: 0
2018-08-13 14:39:26.492 [qtp951000054-43] [DEBUG] c.v.mapper.SysUserMapper.selectList.debug 159 -- ==>  Preparing: SELECT id,userName,`password`,userState,createTime,userDesc,userImg,deptId FROM sys_user WHERE (userName = ?) 
2018-08-13 14:39:26.494 [qtp951000054-43] [DEBUG] c.v.mapper.SysUserMapper.selectList.debug 159 -- ==> Parameters: admin(String)
2018-08-13 14:39:26.499 [qtp951000054-43] [DEBUG] c.v.mapper.SysUserMapper.selectList.debug 159 -- <==      Total: 1
2018-08-13 14:39:26.515 [qtp951000054-43] [DEBUG] c.v.mapper.SysLogMapper.insert.debug 159 -- ==>  Preparing: INSERT INTO sys_log ( id, userName, title, url, params, createTime ) VALUES ( ?, ?, ?, ?, ?, ? ) 
2018-08-13 14:39:26.516 [qtp951000054-43] [DEBUG] c.v.mapper.SysLogMapper.insert.debug 159 -- ==> Parameters: 35a16f08ec7c490dbc930c121ebee49b(String), admin(String), 用户登录成功(String), /login/doLogin(String), (String), 2018-08-13 14:39:26.512(Timestamp)
2018-08-13 14:39:26.518 [qtp951000054-43] [DEBUG] c.v.mapper.SysLogMapper.insert.debug 159 -- <==    Updates: 1
2018-08-13 14:39:29.033 [qtp951000054-39] [DEBUG] c.v.m.SysUserRoleMapper.selectList.debug 159 -- ==>  Preparing: SELECT Id,userId,roleId FROM sys_user_role WHERE (userId = ?) 
2018-08-13 14:39:29.035 [qtp951000054-39] [DEBUG] c.v.m.SysUserRoleMapper.selectList.debug 159 -- ==> Parameters: c79ba431f9f74dfbae585b87b0cde933(String)
2018-08-13 14:39:29.038 [qtp951000054-39] [DEBUG] c.v.m.SysUserRoleMapper.selectList.debug 159 -- <==      Total: 1
2018-08-13 14:39:29.046 [qtp951000054-39] [DEBUG] c.v.m.S.selectResourceByUid.debug 159 -- ==>  Preparing: SELECT DISTINCT m.`resource` FROM sys_user_role ur LEFT JOIN sys_role_menu rm ON ur.`roleId` = rm.`roleId` LEFT JOIN sys_menu m ON m.`id` = rm.`menuId` WHERE ur.`userId` = ? AND m.`resource` IS NOT NULL AND m.`resource` != '' AND m.deep=3 
2018-08-13 14:39:29.048 [qtp951000054-39] [DEBUG] c.v.m.S.selectResourceByUid.debug 159 -- ==> Parameters: c79ba431f9f74dfbae585b87b0cde933(String)
2018-08-13 14:39:29.052 [qtp951000054-39] [DEBUG] c.v.m.S.selectResourceByUid.debug 159 -- <==      Total: 22
2018-08-13 14:39:29.075 [qtp951000054-39] [DEBUG] c.v.mapper.SysMenuMapper.selectPage.debug 159 -- ==>  Preparing: SELECT COUNT(1) FROM ( SELECT id,menuName,pid,url,icon,sort,deep,code,`resource` FROM sys_menu ORDER BY code ASC ) TOTAL 
2018-08-13 14:39:29.076 [qtp951000054-39] [DEBUG] c.v.mapper.SysMenuMapper.selectPage.debug 159 -- ==> Parameters: 
2018-08-13 14:39:29.079 [qtp951000054-39] [DEBUG] c.v.mapper.SysMenuMapper.selectPage.debug 159 -- ==>  Preparing: SELECT id,menuName,pid,url,icon,sort,deep,code,`resource` FROM sys_menu ORDER BY code ASC LIMIT 0,15 
2018-08-13 14:39:29.082 [qtp951000054-39] [DEBUG] c.v.mapper.SysMenuMapper.selectPage.debug 159 -- ==> Parameters: 
2018-08-13 14:39:29.089 [qtp951000054-39] [DEBUG] c.v.mapper.SysMenuMapper.selectPage.debug 159 -- <==      Total: 15
2018-08-13 14:39:34.260 [qtp951000054-39] [DEBUG] c.v.mapper.SysMenuMapper.selectPage.debug 159 -- ==>  Preparing: SELECT COUNT(1) FROM ( SELECT id,menuName,pid,url,icon,sort,deep,code,`resource` FROM sys_menu ORDER BY code ASC ) TOTAL 
2018-08-13 14:39:34.261 [qtp951000054-39] [DEBUG] c.v.mapper.SysMenuMapper.selectPage.debug 159 -- ==> Parameters: 
2018-08-13 14:39:34.264 [qtp951000054-39] [DEBUG] c.v.mapper.SysMenuMapper.selectPage.debug 159 -- ==>  Preparing: SELECT id,menuName,pid,url,icon,sort,deep,code,`resource` FROM sys_menu ORDER BY code ASC LIMIT 15,15 
2018-08-13 14:39:34.265 [qtp951000054-39] [DEBUG] c.v.mapper.SysMenuMapper.selectPage.debug 159 -- ==> Parameters: 
2018-08-13 14:39:34.271 [qtp951000054-39] [DEBUG] c.v.mapper.SysMenuMapper.selectPage.debug 159 -- <==      Total: 15
2018-08-13 14:39:37.383 [qtp951000054-43] [DEBUG] c.v.mapper.SysMenuMapper.selectPage.debug 159 -- ==>  Preparing: SELECT COUNT(1) FROM ( SELECT id,menuName,pid,url,icon,sort,deep,code,`resource` FROM sys_menu ORDER BY code ASC ) TOTAL 
2018-08-13 14:39:37.385 [qtp951000054-43] [DEBUG] c.v.mapper.SysMenuMapper.selectPage.debug 159 -- ==> Parameters: 
2018-08-13 14:39:37.389 [qtp951000054-43] [DEBUG] c.v.mapper.SysMenuMapper.selectPage.debug 159 -- ==>  Preparing: SELECT id,menuName,pid,url,icon,sort,deep,code,`resource` FROM sys_menu ORDER BY code ASC LIMIT 30,15 
2018-08-13 14:39:37.391 [qtp951000054-43] [DEBUG] c.v.mapper.SysMenuMapper.selectPage.debug 159 -- ==> Parameters: 
2018-08-13 14:39:37.395 [qtp951000054-43] [DEBUG] c.v.mapper.SysMenuMapper.selectPage.debug 159 -- <==      Total: 5
2018-08-13 14:39:44.164 [qtp951000054-48] [DEBUG] c.v.m.SysSettingMapper.selectList.debug 159 -- ==>  Preparing: SELECT Id,sysKey,sysName,sysValue,sort,sysDesc FROM sys_setting ORDER BY sort ASC 
2018-08-13 14:39:44.165 [qtp951000054-48] [DEBUG] c.v.m.SysSettingMapper.selectList.debug 159 -- ==> Parameters: 
2018-08-13 14:39:44.168 [qtp951000054-48] [DEBUG] c.v.m.SysSettingMapper.selectList.debug 159 -- <==      Total: 3
2018-08-13 14:39:44.176 [qtp951000054-48] [DEBUG] c.v.mapper.SysMenuMapper.selectList.debug 159 -- ==>  Preparing: SELECT id,menuName,pid,url,icon,sort,deep,code,`resource` FROM sys_menu WHERE (pid = ?) ORDER BY code ASC 
2018-08-13 14:39:44.178 [qtp951000054-48] [DEBUG] c.v.mapper.SysMenuMapper.selectList.debug 159 -- ==> Parameters: 0(String)
2018-08-13 14:39:44.184 [qtp951000054-48] [DEBUG] c.v.mapper.SysMenuMapper.selectList.debug 159 -- <==      Total: 4
2018-08-13 14:39:48.382 [qtp951000054-48] [DEBUG] c.v.mapper.SysUserMapper.selectById.debug 159 -- ==>  Preparing: SELECT id,userName,`password`,userState,createTime,userDesc,userImg,deptId FROM sys_user WHERE id=? 
2018-08-13 14:39:48.383 [qtp951000054-48] [DEBUG] c.v.mapper.SysUserMapper.selectById.debug 159 -- ==> Parameters: c79ba431f9f74dfbae585b87b0cde933(String)
2018-08-13 14:39:48.387 [qtp951000054-48] [DEBUG] c.v.mapper.SysUserMapper.selectById.debug 159 -- <==      Total: 1
